============================================================
CLAIRE DE BINARE - SYSTEMCHECK
Timestamp: 20251214_212322
============================================================

============================================================
1. ENV-VARIABLEN CHECK
============================================================
  REDIS_HOST                         : [FAIL] MISSING
  REDIS_PORT                         : [FAIL] MISSING
  REDIS_PASSWORD                     : [FAIL] MISSING
  REDIS_DB                           : [FAIL] MISSING
  POSTGRES_HOST                      : [FAIL] MISSING
  POSTGRES_PORT                      : [FAIL] MISSING
  POSTGRES_USER                      : [FAIL] MISSING
  POSTGRES_PASSWORD                  : [FAIL] MISSING
  POSTGRES_DB                        : [FAIL] MISSING
  MAX_POSITION_PCT                   : [FAIL] MISSING
  MAX_DAILY_DRAWDOWN_PCT             : [FAIL] MISSING
  MAX_TOTAL_EXPOSURE_PCT             : [FAIL] MISSING
  CIRCUIT_BREAKER_THRESHOLD_PCT      : [FAIL] MISSING
  MAX_SLIPPAGE_PCT                   : [FAIL] MISSING
  DATA_STALE_TIMEOUT_SEC             : [FAIL] MISSING
  TRADING_MODE                       : [FAIL] MISSING
  ACCOUNT_EQUITY                     : [FAIL] MISSING
[FAIL] ENV Variables Complete

============================================================
2. DOCKER CONTAINER STATUS
============================================================
  cdb_redis                : Running
  cdb_postgres             : Running
  cdb_prometheus           : Running
  cdb_grafana              : Running
  cdb_ws                   : Running
  cdb_core                 : Running
  cdb_risk                 : Running
  cdb_execution            : Running
  cdb_db_writer            : Running
[OK] Docker Containers Healthy

============================================================
3. SERVICE HEALTH ENDPOINTS
============================================================
  cdb_ws (Screener)                  : [OK] OK
  cdb_core (Signal Engine)           : [OK] OK
  cdb_risk (Risk Manager)            : [OK] OK
  cdb_execution (Execution)          : [OK] OK
  Grafana                            : [OK] OK
  Prometheus                         : [OK] OK
[OK] All Service Health Endpoints OK

============================================================
4. POSTGRESQL CONNECTION & SCHEMA
============================================================
  PostgreSQL Error: connection to server at "localhost" (::1), port 5432 failed: Connection refused (0x0000274D/10061)
	Is the server running on that host and accepting TCP/IP connections?
connection to server at "localhost" (127.0.0.1), port 5432 failed: fe_sendauth: no password supplied

[FAIL] PostgreSQL Connection

============================================================
5. REDIS CONNECTION & PUB/SUB
============================================================
  Redis Error: Authentication required.
[FAIL] Redis Connection

============================================================
6. DISK SPACE CHECK
============================================================
  Checking: F:\
  Total: 931 GB
  Used:  17 GB
  Free:  913 GB
  [OK] Sufficient space (913 GB >= 30 GB)
[OK] Disk Space >= 30 GB

============================================================
7. RISK-ENGINE CONFIGURATION
============================================================
  MAX_POSITION_PCT                   : [FAIL] Not set
  MAX_DAILY_DRAWDOWN_PCT             : [FAIL] Not set
  MAX_TOTAL_EXPOSURE_PCT             : [FAIL] Not set
  CIRCUIT_BREAKER_THRESHOLD_PCT      : [FAIL] Not set
  MAX_SLIPPAGE_PCT                   : [FAIL] Not set
  DATA_STALE_TIMEOUT_SEC             : [FAIL] Not set
[FAIL] Risk-Engine Config Valid

============================================================
SYSTEMCHECK SUMMARY
============================================================
  Passed: 3
  Failed: 4
  Total:  7

  Log saved to: logs/systemcheck_20251214_212322.log

[FAIL] 4 CHECKS FAILED - Bitte Fehler beheben vor Start!
